<?xml version="1.0" encoding="UTF-8"?>
<!-- Generated by org.testng.reporters.JUnitXMLReporter -->
<testsuite ignored="0" hostname="LAPTOP-MU73VCAM" failures="0" tests="6" name="Default test" time="1.423" errors="0" timestamp="2020-02-05T11:13:29 PST">
  <testcase classname="servusTest.TestClass" name="Test1" time="0.313"/>
  <testcase classname="servusTest.TestClass" name="Test2" time="0.089"/>
  <testcase classname="servusTest.TestClass" name="Test3" time="0.145"/>
  <testcase classname="servusTest.TestClass" name="Test4" time="0.08"/>
  <testcase classname="servusTest.TestClass" name="Test5" time="0.682"/>
  <testcase classname="servusTest.TestClass" name="Test6" time="0.078"/>
</testsuite> <!-- Default test -->
