<?xml version="1.0" encoding="UTF-8"?>
<testng-results ignored="0" total="6" passed="6" failed="0" skipped="0">
  <reporter-output>
  </reporter-output>
  <suite started-at="2020-02-05T11:13:27 PST" name="Default suite" finished-at="2020-02-05T11:13:29 PST" duration-ms="1423">
    <groups>
    </groups>
    <test started-at="2020-02-05T11:13:27 PST" name="Default test" finished-at="2020-02-05T11:13:29 PST" duration-ms="1423">
      <class name="servusTest.TestClass">
        <test-method signature="Test1()[pri:0, instance:servusTest.TestClass@10ded6a9]" started-at="2020-02-05T11:13:27 PST" name="Test1" finished-at="2020-02-05T11:13:27 PST" duration-ms="313" status="PASS">
          <reporter-output>
          </reporter-output>
        </test-method> <!-- Test1 -->
        <test-method signature="Test2()[pri:0, instance:servusTest.TestClass@10ded6a9]" started-at="2020-02-05T11:13:27 PST" name="Test2" finished-at="2020-02-05T11:13:28 PST" duration-ms="89" status="PASS">
          <reporter-output>
          </reporter-output>
        </test-method> <!-- Test2 -->
        <test-method signature="Test3()[pri:0, instance:servusTest.TestClass@10ded6a9]" started-at="2020-02-05T11:13:28 PST" name="Test3" finished-at="2020-02-05T11:13:28 PST" duration-ms="145" status="PASS">
          <reporter-output>
          </reporter-output>
        </test-method> <!-- Test3 -->
        <test-method signature="Test4()[pri:0, instance:servusTest.TestClass@10ded6a9]" started-at="2020-02-05T11:13:28 PST" name="Test4" finished-at="2020-02-05T11:13:28 PST" duration-ms="80" status="PASS">
          <reporter-output>
          </reporter-output>
        </test-method> <!-- Test4 -->
        <test-method signature="Test5()[pri:0, instance:servusTest.TestClass@10ded6a9]" started-at="2020-02-05T11:13:28 PST" name="Test5" finished-at="2020-02-05T11:13:28 PST" duration-ms="682" status="PASS">
          <reporter-output>
          </reporter-output>
        </test-method> <!-- Test5 -->
        <test-method signature="Test6()[pri:0, instance:servusTest.TestClass@10ded6a9]" started-at="2020-02-05T11:13:28 PST" name="Test6" finished-at="2020-02-05T11:13:29 PST" duration-ms="78" status="PASS">
          <reporter-output>
          </reporter-output>
        </test-method> <!-- Test6 -->
        <test-method is-config="true" signature="tearDown()[pri:0, instance:servusTest.TestClass@10ded6a9]" started-at="2020-02-05T11:13:29 PST" name="tearDown" finished-at="2020-02-05T11:13:29 PST" duration-ms="0" status="PASS">
          <reporter-output>
          </reporter-output>
        </test-method> <!-- tearDown -->
      </class> <!-- servusTest.TestClass -->
    </test> <!-- Default test -->
  </suite> <!-- Default suite -->
</testng-results>
